
*** Running vivado
    with args -log SnakeGame_BD_wrapper.vdi -applog -m64 -product Vivado -messageDb vivado.pb -mode batch -source SnakeGame_BD_wrapper.tcl -notrace


****** Vivado v2017.3 (64-bit)
  **** SW Build 2018833 on Wed Oct  4 19:58:22 MDT 2017
  **** IP Build 2016188 on Wed Oct  4 21:52:56 MDT 2017
    ** Copyright 1986-2017 Xilinx, Inc. All Rights Reserved.

source SnakeGame_BD_wrapper.tcl -notrace
INFO: [IP_Flow 19-234] Refreshing IP repositories
INFO: [IP_Flow 19-1704] No user IP repositories specified
INFO: [IP_Flow 19-2313] Loaded Vivado IP repository 'C:/Xilinx/Vivado/2017.3/data/ip'.
Command: link_design -top SnakeGame_BD_wrapper -part xc7z020clg484-1
Design is defaulting to srcset: sources_1
Design is defaulting to constrset: constrs_1
INFO: [Project 1-454] Reading design checkpoint 'c:/SOC_Final_Project_Snake_Game/SnakeGame/SnakeGame.srcs/sources_1/bd/SnakeGame_BD/ip/SnakeGame_BD_axi_gpio_0_0/SnakeGame_BD_axi_gpio_0_0.dcp' for cell 'SnakeGame_BD_i/axi_gpio_0'
INFO: [Project 1-454] Reading design checkpoint 'c:/SOC_Final_Project_Snake_Game/SnakeGame/SnakeGame.srcs/sources_1/bd/SnakeGame_BD/ip/SnakeGame_BD_axi_gpio_1_0/SnakeGame_BD_axi_gpio_1_0.dcp' for cell 'SnakeGame_BD_i/axi_gpio_1'
INFO: [Project 1-454] Reading design checkpoint 'c:/SOC_Final_Project_Snake_Game/SnakeGame/SnakeGame.srcs/sources_1/bd/SnakeGame_BD/ip/SnakeGame_BD_processing_system7_0_0/SnakeGame_BD_processing_system7_0_0.dcp' for cell 'SnakeGame_BD_i/processing_system7_0'
INFO: [Project 1-454] Reading design checkpoint 'c:/SOC_Final_Project_Snake_Game/SnakeGame/SnakeGame.srcs/sources_1/bd/SnakeGame_BD/ip/SnakeGame_BD_rst_ps7_0_100M_0/SnakeGame_BD_rst_ps7_0_100M_0.dcp' for cell 'SnakeGame_BD_i/rst_ps7_0_100M'
INFO: [Project 1-454] Reading design checkpoint 'c:/SOC_Final_Project_Snake_Game/SnakeGame/SnakeGame.srcs/sources_1/bd/SnakeGame_BD/ip/SnakeGame_BD_xbar_0/SnakeGame_BD_xbar_0.dcp' for cell 'SnakeGame_BD_i/ps7_0_axi_periph/xbar'
INFO: [Project 1-454] Reading design checkpoint 'c:/SOC_Final_Project_Snake_Game/SnakeGame/SnakeGame.srcs/sources_1/bd/SnakeGame_BD/ip/SnakeGame_BD_auto_pc_0/SnakeGame_BD_auto_pc_0.dcp' for cell 'SnakeGame_BD_i/ps7_0_axi_periph/s00_couplers/auto_pc'
INFO: [Netlist 29-17] Analyzing 23 Unisim elements for replacement
INFO: [Netlist 29-28] Unisim Transformation completed in 0 CPU seconds
INFO: [Project 1-479] Netlist was created with Vivado 2017.3
INFO: [Device 21-403] Loading part xc7z020clg484-1
INFO: [Project 1-570] Preparing netlist for logic optimization
Parsing XDC File [c:/SOC_Final_Project_Snake_Game/SnakeGame/SnakeGame.srcs/sources_1/bd/SnakeGame_BD/ip/SnakeGame_BD_processing_system7_0_0/SnakeGame_BD_processing_system7_0_0.xdc] for cell 'SnakeGame_BD_i/processing_system7_0/inst'
Finished Parsing XDC File [c:/SOC_Final_Project_Snake_Game/SnakeGame/SnakeGame.srcs/sources_1/bd/SnakeGame_BD/ip/SnakeGame_BD_processing_system7_0_0/SnakeGame_BD_processing_system7_0_0.xdc] for cell 'SnakeGame_BD_i/processing_system7_0/inst'
Parsing XDC File [c:/SOC_Final_Project_Snake_Game/SnakeGame/SnakeGame.srcs/sources_1/bd/SnakeGame_BD/ip/SnakeGame_BD_axi_gpio_0_0/SnakeGame_BD_axi_gpio_0_0_board.xdc] for cell 'SnakeGame_BD_i/axi_gpio_0/U0'
Finished Parsing XDC File [c:/SOC_Final_Project_Snake_Game/SnakeGame/SnakeGame.srcs/sources_1/bd/SnakeGame_BD/ip/SnakeGame_BD_axi_gpio_0_0/SnakeGame_BD_axi_gpio_0_0_board.xdc] for cell 'SnakeGame_BD_i/axi_gpio_0/U0'
Parsing XDC File [c:/SOC_Final_Project_Snake_Game/SnakeGame/SnakeGame.srcs/sources_1/bd/SnakeGame_BD/ip/SnakeGame_BD_axi_gpio_0_0/SnakeGame_BD_axi_gpio_0_0.xdc] for cell 'SnakeGame_BD_i/axi_gpio_0/U0'
Finished Parsing XDC File [c:/SOC_Final_Project_Snake_Game/SnakeGame/SnakeGame.srcs/sources_1/bd/SnakeGame_BD/ip/SnakeGame_BD_axi_gpio_0_0/SnakeGame_BD_axi_gpio_0_0.xdc] for cell 'SnakeGame_BD_i/axi_gpio_0/U0'
Parsing XDC File [c:/SOC_Final_Project_Snake_Game/SnakeGame/SnakeGame.srcs/sources_1/bd/SnakeGame_BD/ip/SnakeGame_BD_axi_gpio_1_0/SnakeGame_BD_axi_gpio_1_0_board.xdc] for cell 'SnakeGame_BD_i/axi_gpio_1/U0'
Finished Parsing XDC File [c:/SOC_Final_Project_Snake_Game/SnakeGame/SnakeGame.srcs/sources_1/bd/SnakeGame_BD/ip/SnakeGame_BD_axi_gpio_1_0/SnakeGame_BD_axi_gpio_1_0_board.xdc] for cell 'SnakeGame_BD_i/axi_gpio_1/U0'
Parsing XDC File [c:/SOC_Final_Project_Snake_Game/SnakeGame/SnakeGame.srcs/sources_1/bd/SnakeGame_BD/ip/SnakeGame_BD_axi_gpio_1_0/SnakeGame_BD_axi_gpio_1_0.xdc] for cell 'SnakeGame_BD_i/axi_gpio_1/U0'
Finished Parsing XDC File [c:/SOC_Final_Project_Snake_Game/SnakeGame/SnakeGame.srcs/sources_1/bd/SnakeGame_BD/ip/SnakeGame_BD_axi_gpio_1_0/SnakeGame_BD_axi_gpio_1_0.xdc] for cell 'SnakeGame_BD_i/axi_gpio_1/U0'
Parsing XDC File [c:/SOC_Final_Project_Snake_Game/SnakeGame/SnakeGame.srcs/sources_1/bd/SnakeGame_BD/ip/SnakeGame_BD_rst_ps7_0_100M_0/SnakeGame_BD_rst_ps7_0_100M_0_board.xdc] for cell 'SnakeGame_BD_i/rst_ps7_0_100M/U0'
Finished Parsing XDC File [c:/SOC_Final_Project_Snake_Game/SnakeGame/SnakeGame.srcs/sources_1/bd/SnakeGame_BD/ip/SnakeGame_BD_rst_ps7_0_100M_0/SnakeGame_BD_rst_ps7_0_100M_0_board.xdc] for cell 'SnakeGame_BD_i/rst_ps7_0_100M/U0'
Parsing XDC File [c:/SOC_Final_Project_Snake_Game/SnakeGame/SnakeGame.srcs/sources_1/bd/SnakeGame_BD/ip/SnakeGame_BD_rst_ps7_0_100M_0/SnakeGame_BD_rst_ps7_0_100M_0.xdc] for cell 'SnakeGame_BD_i/rst_ps7_0_100M/U0'
Finished Parsing XDC File [c:/SOC_Final_Project_Snake_Game/SnakeGame/SnakeGame.srcs/sources_1/bd/SnakeGame_BD/ip/SnakeGame_BD_rst_ps7_0_100M_0/SnakeGame_BD_rst_ps7_0_100M_0.xdc] for cell 'SnakeGame_BD_i/rst_ps7_0_100M/U0'
INFO: [Opt 31-138] Pushed 0 inverter(s) to 0 load pin(s).
INFO: [Project 1-111] Unisim Transformation Summary:
No Unisim elements were transformed.

16 Infos, 0 Warnings, 0 Critical Warnings and 0 Errors encountered.
link_design completed successfully
link_design: Time (s): cpu = 00:00:10 ; elapsed = 00:00:12 . Memory (MB): peak = 604.020 ; gain = 325.051
Command: opt_design
Attempting to get a license for feature 'Implementation' and/or device 'xc7z020'
INFO: [Common 17-349] Got license for feature 'Implementation' and/or device 'xc7z020'
Running DRC as a precondition to command opt_design

Starting DRC Task
INFO: [DRC 23-27] Running DRC with 2 threads
INFO: [Project 1-461] DRC finished with 0 Errors
INFO: [Project 1-462] Please refer to the DRC report (report_drc) for more information.

Time (s): cpu = 00:00:00 ; elapsed = 00:00:00.521 . Memory (MB): peak = 613.605 ; gain = 9.586
INFO: [Timing 38-35] Done setting XDC timing constraints.

Starting Logic Optimization Task

Phase 1 Retarget
INFO: [Opt 31-138] Pushed 0 inverter(s) to 0 load pin(s).
INFO: [Opt 31-49] Retargeted 0 cell(s).
Phase 1 Retarget | Checksum: 18704f689

Time (s): cpu = 00:00:00 ; elapsed = 00:00:00.402 . Memory (MB): peak = 1100.609 ; gain = 0.000
INFO: [Opt 31-389] Phase Retarget created 6 cells and removed 45 cells

Phase 2 Constant propagation
INFO: [Opt 31-138] Pushed 0 inverter(s) to 0 load pin(s).
Phase 2 Constant propagation | Checksum: 18704f689

Time (s): cpu = 00:00:00 ; elapsed = 00:00:00.479 . Memory (MB): peak = 1100.609 ; gain = 0.000
INFO: [Opt 31-389] Phase Constant propagation created 0 cells and removed 0 cells

Phase 3 Sweep
Phase 3 Sweep | Checksum: 1ac1eea29

Time (s): cpu = 00:00:01 ; elapsed = 00:00:01 . Memory (MB): peak = 1100.609 ; gain = 0.000
INFO: [Opt 31-389] Phase Sweep created 8 cells and removed 182 cells

Phase 4 BUFG optimization
Phase 4 BUFG optimization | Checksum: 1ac1eea29

Time (s): cpu = 00:00:01 ; elapsed = 00:00:01 . Memory (MB): peak = 1100.609 ; gain = 0.000
INFO: [Opt 31-389] Phase BUFG optimization created 0 cells and removed 0 cells

Phase 5 Shift Register Optimization
Phase 5 Shift Register Optimization | Checksum: 1ac1eea29

Time (s): cpu = 00:00:01 ; elapsed = 00:00:01 . Memory (MB): peak = 1100.609 ; gain = 0.000
INFO: [Opt 31-389] Phase Shift Register Optimization created 0 cells and removed 0 cells

Starting Connectivity Check Task

Time (s): cpu = 00:00:00 ; elapsed = 00:00:00.006 . Memory (MB): peak = 1100.609 ; gain = 0.000
Ending Logic Optimization Task | Checksum: 19943285a

Time (s): cpu = 00:00:02 ; elapsed = 00:00:02 . Memory (MB): peak = 1100.609 ; gain = 0.000

Starting Power Optimization Task
INFO: [Pwropt 34-132] Skipping clock gating for clocks with a period < 2.00 ns.
Ending Power Optimization Task | Checksum: 25f1124fd

Time (s): cpu = 00:00:00 ; elapsed = 00:00:00.027 . Memory (MB): peak = 1100.609 ; gain = 0.000
INFO: [Common 17-83] Releasing license: Implementation
31 Infos, 0 Warnings, 0 Critical Warnings and 0 Errors encountered.
opt_design completed successfully
opt_design: Time (s): cpu = 00:00:16 ; elapsed = 00:00:17 . Memory (MB): peak = 1100.609 ; gain = 496.590
Writing placer database...
Writing XDEF routing.
Writing XDEF routing logical nets.
Writing XDEF routing special nets.
Write XDEF Complete: Time (s): cpu = 00:00:00 ; elapsed = 00:00:00.091 . Memory (MB): peak = 1100.609 ; gain = 0.000
INFO: [Common 17-1381] The checkpoint 'C:/SOC_Final_Project_Snake_Game/SnakeGame/SnakeGame.runs/impl_1/SnakeGame_BD_wrapper_opt.dcp' has been generated.
INFO: [runtcl-4] Executing : report_drc -file SnakeGame_BD_wrapper_drc_opted.rpt -pb SnakeGame_BD_wrapper_drc_opted.pb -rpx SnakeGame_BD_wrapper_drc_opted.rpx
Command: report_drc -file SnakeGame_BD_wrapper_drc_opted.rpt -pb SnakeGame_BD_wrapper_drc_opted.pb -rpx SnakeGame_BD_wrapper_drc_opted.rpx
INFO: [DRC 23-27] Running DRC with 2 threads
INFO: [Coretcl 2-168] The results of DRC are in file C:/SOC_Final_Project_Snake_Game/SnakeGame/SnakeGame.runs/impl_1/SnakeGame_BD_wrapper_drc_opted.rpt.
report_drc completed successfully
INFO: [Chipscope 16-241] No debug cores found in the current design.
Before running the implement_debug_core command, either use the Set Up Debug wizard (GUI mode)
or use the create_debug_core and connect_debug_core Tcl commands to insert debug cores into the design.
Command: place_design
Attempting to get a license for feature 'Implementation' and/or device 'xc7z020'
INFO: [Common 17-349] Got license for feature 'Implementation' and/or device 'xc7z020'
INFO: [DRC 23-27] Running DRC with 2 threads
INFO: [Vivado_Tcl 4-198] DRC finished with 0 Errors
INFO: [Vivado_Tcl 4-199] Please refer to the DRC report (report_drc) for more information.
Running DRC as a precondition to command place_design
INFO: [DRC 23-27] Running DRC with 2 threads
INFO: [Vivado_Tcl 4-198] DRC finished with 0 Errors
INFO: [Vivado_Tcl 4-199] Please refer to the DRC report (report_drc) for more information.

Starting Placer Task
INFO: [Place 30-611] Multithreading enabled for place_design using a maximum of 2 CPUs

Phase 1 Placer Initialization

Phase 1.1 Placer Initialization Netlist Sorting
Netlist sorting complete. Time (s): cpu = 00:00:00 ; elapsed = 00:00:00.006 . Memory (MB): peak = 1100.609 ; gain = 0.000
Phase 1.1 Placer Initialization Netlist Sorting | Checksum: 1dee5cded

Time (s): cpu = 00:00:00 ; elapsed = 00:00:00.025 . Memory (MB): peak = 1100.609 ; gain = 0.000
INFO: [Timing 38-35] Done setting XDC timing constraints.
INFO: [Opt 31-138] Pushed 0 inverter(s) to 0 load pin(s).
Netlist sorting complete. Time (s): cpu = 00:00:00 ; elapsed = 00:00:00.009 . Memory (MB): peak = 1100.609 ; gain = 0.000

Phase 1.2 IO Placement/ Clock Placement/ Build Placer Device
INFO: [Timing 38-35] Done setting XDC timing constraints.
Phase 1.2 IO Placement/ Clock Placement/ Build Placer Device | Checksum: 139b1780a

Time (s): cpu = 00:00:03 ; elapsed = 00:00:03 . Memory (MB): peak = 1100.609 ; gain = 0.000

Phase 1.3 Build Placer Netlist Model
Phase 1.3 Build Placer Netlist Model | Checksum: 10c6c98df

Time (s): cpu = 00:00:03 ; elapsed = 00:00:04 . Memory (MB): peak = 1100.609 ; gain = 0.000

Phase 1.4 Constrain Clocks/Macros
Phase 1.4 Constrain Clocks/Macros | Checksum: 10c6c98df

Time (s): cpu = 00:00:03 ; elapsed = 00:00:04 . Memory (MB): peak = 1100.609 ; gain = 0.000
Phase 1 Placer Initialization | Checksum: 10c6c98df

Time (s): cpu = 00:00:03 ; elapsed = 00:00:04 . Memory (MB): peak = 1100.609 ; gain = 0.000

Phase 2 Global Placement
Phase 2 Global Placement | Checksum: 12f4cff99

Time (s): cpu = 00:00:08 ; elapsed = 00:00:06 . Memory (MB): peak = 1100.609 ; gain = 0.000

Phase 3 Detail Placement

Phase 3.1 Commit Multi Column Macros
Phase 3.1 Commit Multi Column Macros | Checksum: 12f4cff99

Time (s): cpu = 00:00:08 ; elapsed = 00:00:06 . Memory (MB): peak = 1100.609 ; gain = 0.000

Phase 3.2 Commit Most Macros & LUTRAMs
Phase 3.2 Commit Most Macros & LUTRAMs | Checksum: 123364e5b

Time (s): cpu = 00:00:08 ; elapsed = 00:00:07 . Memory (MB): peak = 1100.609 ; gain = 0.000

Phase 3.3 Area Swap Optimization
Phase 3.3 Area Swap Optimization | Checksum: bba17ef2

Time (s): cpu = 00:00:09 ; elapsed = 00:00:07 . Memory (MB): peak = 1100.609 ; gain = 0.000

Phase 3.4 Pipeline Register Optimization
Phase 3.4 Pipeline Register Optimization | Checksum: bba17ef2

Time (s): cpu = 00:00:09 ; elapsed = 00:00:07 . Memory (MB): peak = 1100.609 ; gain = 0.000

Phase 3.5 Small Shape Detail Placement
Phase 3.5 Small Shape Detail Placement | Checksum: 22e6eb983

Time (s): cpu = 00:00:10 ; elapsed = 00:00:08 . Memory (MB): peak = 1100.609 ; gain = 0.000

Phase 3.6 Re-assign LUT pins
Phase 3.6 Re-assign LUT pins | Checksum: 229a80abb

Time (s): cpu = 00:00:10 ; elapsed = 00:00:08 . Memory (MB): peak = 1100.609 ; gain = 0.000

Phase 3.7 Pipeline Register Optimization
Phase 3.7 Pipeline Register Optimization | Checksum: 229a80abb

Time (s): cpu = 00:00:10 ; elapsed = 00:00:08 . Memory (MB): peak = 1100.609 ; gain = 0.000
Phase 3 Detail Placement | Checksum: 229a80abb

Time (s): cpu = 00:00:10 ; elapsed = 00:00:08 . Memory (MB): peak = 1100.609 ; gain = 0.000

Phase 4 Post Placement Optimization and Clean-Up

Phase 4.1 Post Commit Optimization
INFO: [Timing 38-35] Done setting XDC timing constraints.

Phase 4.1.1 Post Placement Optimization
Post Placement Optimization Initialization | Checksum: 154bf7d8a

Phase 4.1.1.1 BUFG Insertion
INFO: [Physopt 32-721] Multithreading enabled for phys_opt_design using a maximum of 2 CPUs
INFO: [Place 46-31] BUFG insertion identified 0 candidate nets, 0 success, 0 skipped for placement/routing, 0 skipped for timing, 0 skipped for netlist change reason.
Phase 4.1.1.1 BUFG Insertion | Checksum: 154bf7d8a

Time (s): cpu = 00:00:11 ; elapsed = 00:00:09 . Memory (MB): peak = 1108.953 ; gain = 8.344
INFO: [Place 30-746] Post Placement Timing Summary WNS=3.661. For the most accurate timing information please run report_timing.
Phase 4.1.1 Post Placement Optimization | Checksum: 21605a1a9

Time (s): cpu = 00:00:11 ; elapsed = 00:00:09 . Memory (MB): peak = 1108.953 ; gain = 8.344
Phase 4.1 Post Commit Optimization | Checksum: 21605a1a9

Time (s): cpu = 00:00:11 ; elapsed = 00:00:09 . Memory (MB): peak = 1108.953 ; gain = 8.344

Phase 4.2 Post Placement Cleanup
Phase 4.2 Post Placement Cleanup | Checksum: 21605a1a9

Time (s): cpu = 00:00:11 ; elapsed = 00:00:09 . Memory (MB): peak = 1108.953 ; gain = 8.344

Phase 4.3 Placer Reporting
Phase 4.3 Placer Reporting | Checksum: 21605a1a9

Time (s): cpu = 00:00:11 ; elapsed = 00:00:09 . Memory (MB): peak = 1108.953 ; gain = 8.344

Phase 4.4 Final Placement Cleanup
Phase 4.4 Final Placement Cleanup | Checksum: 2477614a7

Time (s): cpu = 00:00:11 ; elapsed = 00:00:09 . Memory (MB): peak = 1108.953 ; gain = 8.344
Phase 4 Post Placement Optimization and Clean-Up | Checksum: 2477614a7

Time (s): cpu = 00:00:11 ; elapsed = 00:00:09 . Memory (MB): peak = 1108.953 ; gain = 8.344
Ending Placer Task | Checksum: 1628e8657

Time (s): cpu = 00:00:11 ; elapsed = 00:00:09 . Memory (MB): peak = 1108.953 ; gain = 8.344
INFO: [Common 17-83] Releasing license: Implementation
52 Infos, 0 Warnings, 0 Critical Warnings and 0 Errors encountered.
place_design completed successfully
place_design: Time (s): cpu = 00:00:14 ; elapsed = 00:00:11 . Memory (MB): peak = 1108.953 ; gain = 8.344
Writing placer database...
Writing XDEF routing.
Writing XDEF routing logical nets.
Writing XDEF routing special nets.
Write XDEF Complete: Time (s): cpu = 00:00:01 ; elapsed = 00:00:00.252 . Memory (MB): peak = 1108.953 ; gain = 0.000
INFO: [Common 17-1381] The checkpoint 'C:/SOC_Final_Project_Snake_Game/SnakeGame/SnakeGame.runs/impl_1/SnakeGame_BD_wrapper_placed.dcp' has been generated.
INFO: [runtcl-4] Executing : report_io -file SnakeGame_BD_wrapper_io_placed.rpt
report_io: Time (s): cpu = 00:00:00 ; elapsed = 00:00:00.073 . Memory (MB): peak = 1109.520 ; gain = 0.566
INFO: [runtcl-4] Executing : report_utilization -file SnakeGame_BD_wrapper_utilization_placed.rpt -pb SnakeGame_BD_wrapper_utilization_placed.pb
report_utilization: Time (s): cpu = 00:00:00 ; elapsed = 00:00:00.055 . Memory (MB): peak = 1109.520 ; gain = 0.000
INFO: [runtcl-4] Executing : report_control_sets -verbose -file SnakeGame_BD_wrapper_control_sets_placed.rpt
report_control_sets: Time (s): cpu = 00:00:00 ; elapsed = 00:00:00.007 . Memory (MB): peak = 1109.520 ; gain = 0.000
Command: route_design
Attempting to get a license for feature 'Implementation' and/or device 'xc7z020'
INFO: [Common 17-349] Got license for feature 'Implementation' and/or device 'xc7z020'
Running DRC as a precondition to command route_design
INFO: [DRC 23-27] Running DRC with 2 threads
INFO: [Vivado_Tcl 4-198] DRC finished with 0 Errors
INFO: [Vivado_Tcl 4-199] Please refer to the DRC report (report_drc) for more information.


Starting Routing Task
INFO: [Route 35-254] Multithreading enabled for route_design using a maximum of 2 CPUs
Checksum: PlaceDB: f5e8dbc1 ConstDB: 0 ShapeSum: 6ca5aa96 RouteDB: 0

Phase 1 Build RT Design
Phase 1 Build RT Design | Checksum: 16261b950

Time (s): cpu = 00:00:30 ; elapsed = 00:00:27 . Memory (MB): peak = 1257.359 ; gain = 146.602
Post Restoration Checksum: NetGraph: a479a7fa NumContArr: bde81156 Constraints: 0 Timing: 0

Phase 2 Router Initialization

Phase 2.1 Create Timer
Phase 2.1 Create Timer | Checksum: 16261b950

Time (s): cpu = 00:00:30 ; elapsed = 00:00:27 . Memory (MB): peak = 1257.359 ; gain = 146.602

Phase 2.2 Fix Topology Constraints
Phase 2.2 Fix Topology Constraints | Checksum: 16261b950

Time (s): cpu = 00:00:30 ; elapsed = 00:00:27 . Memory (MB): peak = 1257.359 ; gain = 146.602

Phase 2.3 Pre Route Cleanup
Phase 2.3 Pre Route Cleanup | Checksum: 16261b950

Time (s): cpu = 00:00:30 ; elapsed = 00:00:27 . Memory (MB): peak = 1257.359 ; gain = 146.602
 Number of Nodes with overlaps = 0

Phase 2.4 Update Timing
Phase 2.4 Update Timing | Checksum: 1eeface90

Time (s): cpu = 00:00:31 ; elapsed = 00:00:28 . Memory (MB): peak = 1263.914 ; gain = 153.156
INFO: [Route 35-416] Intermediate Timing Summary | WNS=3.714  | TNS=0.000  | WHS=-0.239 | THS=-24.398|

Phase 2 Router Initialization | Checksum: 1fdabb556

Time (s): cpu = 00:00:32 ; elapsed = 00:00:28 . Memory (MB): peak = 1263.914 ; gain = 153.156

Phase 3 Initial Routing
Phase 3 Initial Routing | Checksum: 181c4661b

Time (s): cpu = 00:00:32 ; elapsed = 00:00:28 . Memory (MB): peak = 1263.914 ; gain = 153.156

Phase 4 Rip-up And Reroute

Phase 4.1 Global Iteration 0
 Number of Nodes with overlaps = 107
 Number of Nodes with overlaps = 0
INFO: [Route 35-416] Intermediate Timing Summary | WNS=4.278  | TNS=0.000  | WHS=N/A    | THS=N/A    |

Phase 4.1 Global Iteration 0 | Checksum: 1096a1a8b

Time (s): cpu = 00:00:33 ; elapsed = 00:00:28 . Memory (MB): peak = 1263.914 ; gain = 153.156

Phase 4.2 Global Iteration 1
 Number of Nodes with overlaps = 3
 Number of Nodes with overlaps = 0
INFO: [Route 35-416] Intermediate Timing Summary | WNS=4.250  | TNS=0.000  | WHS=N/A    | THS=N/A    |

Phase 4.2 Global Iteration 1 | Checksum: 210319148

Time (s): cpu = 00:00:33 ; elapsed = 00:00:29 . Memory (MB): peak = 1263.914 ; gain = 153.156
Phase 4 Rip-up And Reroute | Checksum: 210319148

Time (s): cpu = 00:00:33 ; elapsed = 00:00:29 . Memory (MB): peak = 1263.914 ; gain = 153.156

Phase 5 Delay and Skew Optimization

Phase 5.1 Delay CleanUp
Phase 5.1 Delay CleanUp | Checksum: 210319148

Time (s): cpu = 00:00:33 ; elapsed = 00:00:29 . Memory (MB): peak = 1263.914 ; gain = 153.156

Phase 5.2 Clock Skew Optimization
Phase 5.2 Clock Skew Optimization | Checksum: 210319148

Time (s): cpu = 00:00:33 ; elapsed = 00:00:29 . Memory (MB): peak = 1263.914 ; gain = 153.156
Phase 5 Delay and Skew Optimization | Checksum: 210319148

Time (s): cpu = 00:00:33 ; elapsed = 00:00:29 . Memory (MB): peak = 1263.914 ; gain = 153.156

Phase 6 Post Hold Fix

Phase 6.1 Hold Fix Iter

Phase 6.1.1 Update Timing
Phase 6.1.1 Update Timing | Checksum: 201c5d681

Time (s): cpu = 00:00:33 ; elapsed = 00:00:29 . Memory (MB): peak = 1263.914 ; gain = 153.156
INFO: [Route 35-416] Intermediate Timing Summary | WNS=4.264  | TNS=0.000  | WHS=0.039  | THS=0.000  |

Phase 6.1 Hold Fix Iter | Checksum: 1e556acec

Time (s): cpu = 00:00:33 ; elapsed = 00:00:29 . Memory (MB): peak = 1263.914 ; gain = 153.156
Phase 6 Post Hold Fix | Checksum: 1e556acec

Time (s): cpu = 00:00:33 ; elapsed = 00:00:29 . Memory (MB): peak = 1263.914 ; gain = 153.156

Phase 7 Route finalize

Router Utilization Summary
  Global Vertical Routing Utilization    = 0.210158 %
  Global Horizontal Routing Utilization  = 0.286849 %
  Routable Net Status*
  *Does not include unroutable nets such as driverless and loadless.
  Run report_route_status for detailed report.
  Number of Failed Nets               = 0
  Number of Unrouted Nets             = 0
  Number of Partially Routed Nets     = 0
  Number of Node Overlaps             = 0

Phase 7 Route finalize | Checksum: 12945dd3e

Time (s): cpu = 00:00:33 ; elapsed = 00:00:29 . Memory (MB): peak = 1263.914 ; gain = 153.156

Phase 8 Verifying routed nets

 Verification completed successfully
Phase 8 Verifying routed nets | Checksum: 12945dd3e

Time (s): cpu = 00:00:33 ; elapsed = 00:00:29 . Memory (MB): peak = 1263.914 ; gain = 153.156

Phase 9 Depositing Routes
Phase 9 Depositing Routes | Checksum: 681dc2ad

Time (s): cpu = 00:00:34 ; elapsed = 00:00:29 . Memory (MB): peak = 1263.914 ; gain = 153.156

Phase 10 Post Router Timing
INFO: [Route 35-57] Estimated Timing Summary | WNS=4.264  | TNS=0.000  | WHS=0.039  | THS=0.000  |

INFO: [Route 35-327] The final timing numbers are based on the router estimated timing analysis. For a complete and accurate timing signoff, please run report_timing_summary.
Phase 10 Post Router Timing | Checksum: 681dc2ad

Time (s): cpu = 00:00:34 ; elapsed = 00:00:29 . Memory (MB): peak = 1263.914 ; gain = 153.156
INFO: [Route 35-16] Router Completed Successfully

Time (s): cpu = 00:00:34 ; elapsed = 00:00:29 . Memory (MB): peak = 1263.914 ; gain = 153.156

Routing Is Done.
INFO: [Common 17-83] Releasing license: Implementation
69 Infos, 0 Warnings, 0 Critical Warnings and 0 Errors encountered.
route_design completed successfully
route_design: Time (s): cpu = 00:00:37 ; elapsed = 00:00:31 . Memory (MB): peak = 1263.914 ; gain = 154.395
Writing placer database...
Writing XDEF routing.
Writing XDEF routing logical nets.
Writing XDEF routing special nets.
Write XDEF Complete: Time (s): cpu = 00:00:01 ; elapsed = 00:00:00.354 . Memory (MB): peak = 1263.914 ; gain = 0.000
INFO: [Common 17-1381] The checkpoint 'C:/SOC_Final_Project_Snake_Game/SnakeGame/SnakeGame.runs/impl_1/SnakeGame_BD_wrapper_routed.dcp' has been generated.
INFO: [runtcl-4] Executing : report_drc -file SnakeGame_BD_wrapper_drc_routed.rpt -pb SnakeGame_BD_wrapper_drc_routed.pb -rpx SnakeGame_BD_wrapper_drc_routed.rpx
Command: report_drc -file SnakeGame_BD_wrapper_drc_routed.rpt -pb SnakeGame_BD_wrapper_drc_routed.pb -rpx SnakeGame_BD_wrapper_drc_routed.rpx
INFO: [DRC 23-27] Running DRC with 2 threads
INFO: [Coretcl 2-168] The results of DRC are in file C:/SOC_Final_Project_Snake_Game/SnakeGame/SnakeGame.runs/impl_1/SnakeGame_BD_wrapper_drc_routed.rpt.
report_drc completed successfully
INFO: [runtcl-4] Executing : report_methodology -file SnakeGame_BD_wrapper_methodology_drc_routed.rpt -pb SnakeGame_BD_wrapper_methodology_drc_routed.pb -rpx SnakeGame_BD_wrapper_methodology_drc_routed.rpx
Command: report_methodology -file SnakeGame_BD_wrapper_methodology_drc_routed.rpt -pb SnakeGame_BD_wrapper_methodology_drc_routed.pb -rpx SnakeGame_BD_wrapper_methodology_drc_routed.rpx
INFO: [Timing 38-35] Done setting XDC timing constraints.
INFO: [Timing 38-35] Done setting XDC timing constraints.
INFO: [DRC 23-133] Running Methodology with 2 threads
INFO: [Coretcl 2-1520] The results of Report Methodology are in file C:/SOC_Final_Project_Snake_Game/SnakeGame/SnakeGame.runs/impl_1/SnakeGame_BD_wrapper_methodology_drc_routed.rpt.
report_methodology completed successfully
INFO: [runtcl-4] Executing : report_power -file SnakeGame_BD_wrapper_power_routed.rpt -pb SnakeGame_BD_wrapper_power_summary_routed.pb -rpx SnakeGame_BD_wrapper_power_routed.rpx
Command: report_power -file SnakeGame_BD_wrapper_power_routed.rpt -pb SnakeGame_BD_wrapper_power_summary_routed.pb -rpx SnakeGame_BD_wrapper_power_routed.rpx
INFO: [Timing 38-35] Done setting XDC timing constraints.
Running Vector-less Activity Propagation...

Finished Running Vector-less Activity Propagation
80 Infos, 0 Warnings, 0 Critical Warnings and 0 Errors encountered.
report_power completed successfully
INFO: [runtcl-4] Executing : report_route_status -file SnakeGame_BD_wrapper_route_status.rpt -pb SnakeGame_BD_wrapper_route_status.pb
INFO: [runtcl-4] Executing : report_timing_summary -max_paths 10 -file SnakeGame_BD_wrapper_timing_summary_routed.rpt -warn_on_violation  -rpx SnakeGame_BD_wrapper_timing_summary_routed.rpx
INFO: [Timing 38-91] UpdateTimingParams: Speed grade: -1, Delay Type: min_max.
INFO: [Timing 38-191] Multithreading enabled for timing update using a maximum of 2 CPUs
INFO: [runtcl-4] Executing : report_incremental_reuse -file SnakeGame_BD_wrapper_incremental_reuse_routed.rpt
INFO: [Vivado_Tcl 4-545] No incremental reuse to report, no incremental placement and routing data was found.
INFO: [runtcl-4] Executing : report_clock_utilization -file SnakeGame_BD_wrapper_clock_utilization_routed.rpt
Command: write_bitstream -force SnakeGame_BD_wrapper.bit
Attempting to get a license for feature 'Implementation' and/or device 'xc7z020'
INFO: [Common 17-349] Got license for feature 'Implementation' and/or device 'xc7z020'
Running DRC as a precondition to command write_bitstream
INFO: [DRC 23-27] Running DRC with 2 threads
INFO: [Vivado 12-3199] DRC finished with 0 Errors
INFO: [Vivado 12-3200] Please refer to the DRC report (report_drc) for more information.
INFO: [Project 1-821] Please set project.enableDesignId to be 'true'.
INFO: [Designutils 20-2272] Running write_bitstream with 2 threads.
Loading data files...
Loading site data...
Loading route data...
Processing options...
Creating bitmap...
Creating bitstream...
Writing bitstream ./SnakeGame_BD_wrapper.bit...
INFO: [Vivado 12-1842] Bitgen Completed Successfully.
INFO: [Project 1-120] WebTalk data collection is mandatory when using a WebPACK part without a full Vivado license. To see the specific WebTalk data collected for your design, open the usage_statistics_webtalk.html or usage_statistics_webtalk.xml file in the implementation directory.
INFO: [Common 17-83] Releasing license: Implementation
96 Infos, 0 Warnings, 0 Critical Warnings and 0 Errors encountered.
write_bitstream completed successfully
write_bitstream: Time (s): cpu = 00:00:18 ; elapsed = 00:00:17 . Memory (MB): peak = 1643.848 ; gain = 362.020
INFO: [Common 17-206] Exiting Vivado at Sat Jun 25 22:04:38 2022...
