Copyright 1986-2017 Xilinx, Inc. All Rights Reserved.
-------------------------------------------------------------------------------------------------
| Tool Version : Vivado v.2017.3 (win64) Build 2018833 Wed Oct  4 19:58:22 MDT 2017
| Date         : Sat Jun 25 22:03:43 2022
| Host         : DESKTOP-824K07C running 64-bit major release  (build 9200)
| Command      : report_control_sets -verbose -file SnakeGame_BD_wrapper_control_sets_placed.rpt
| Design       : SnakeGame_BD_wrapper
| Device       : xc7z020
-------------------------------------------------------------------------------------------------

Control Set Information

Table of Contents
-----------------
1. Summary
2. Flip-Flop Distribution
3. Detailed Control Set Information

1. Summary
----------

+----------------------------------------------------------+-------+
|                          Status                          | Count |
+----------------------------------------------------------+-------+
| Number of unique control sets                            |    45 |
| Unused register locations in slices containing registers |   105 |
+----------------------------------------------------------+-------+


2. Flip-Flop Distribution
-------------------------

+--------------+-----------------------+------------------------+-----------------+--------------+
| Clock Enable | Synchronous Set/Reset | Asynchronous Set/Reset | Total Registers | Total Slices |
+--------------+-----------------------+------------------------+-----------------+--------------+
| No           | No                    | No                     |             160 |           51 |
| No           | No                    | Yes                    |               0 |            0 |
| No           | Yes                   | No                     |             162 |           48 |
| Yes          | No                    | No                     |             471 |          104 |
| Yes          | No                    | Yes                    |               0 |            0 |
| Yes          | Yes                   | No                     |             118 |           31 |
+--------------+-----------------------+------------------------+-----------------+--------------+


3. Detailed Control Set Information
-----------------------------------

+-----------------------------------------------------+--------------------------------------------------------------------------------------------------------------------------------------------------------------------+----------------------------------------------------------------------------------------------------------------------------------------------+------------------+----------------+
|                     Clock Signal                    |                                                                            Enable Signal                                                                           |                                                               Set/Reset Signal                                                               | Slice Load Count | Bel Load Count |
+-----------------------------------------------------+--------------------------------------------------------------------------------------------------------------------------------------------------------------------+----------------------------------------------------------------------------------------------------------------------------------------------+------------------+----------------+
|  SnakeGame_BD_i/processing_system7_0/inst/FCLK_CLK0 | SnakeGame_BD_i/ps7_0_axi_periph/s00_couplers/auto_pc/inst/gen_axilite.gen_b2s_conv.axilite_b2s/WR.b_channel_0/bid_fifo_0/bresp_push                                |                                                                                                                                              |                1 |              2 |
|  SnakeGame_BD_i/processing_system7_0/inst/FCLK_CLK0 |                                                                                                                                                                    | SnakeGame_BD_i/axi_gpio_0/U0/AXI_LITE_IPIF_I/I_SLAVE_ATTACHMENT/clear                                                                        |                1 |              4 |
|  SnakeGame_BD_i/processing_system7_0/inst/FCLK_CLK0 |                                                                                                                                                                    | SnakeGame_BD_i/axi_gpio_1/U0/AXI_LITE_IPIF_I/I_SLAVE_ATTACHMENT/clear                                                                        |                1 |              4 |
|  SnakeGame_BD_i/processing_system7_0/inst/FCLK_CLK0 | SnakeGame_BD_i/ps7_0_axi_periph/s00_couplers/auto_pc/inst/gen_axilite.gen_b2s_conv.axilite_b2s/WR.aw_channel_0/aw_cmd_fsm_0/E[0]                                   | SnakeGame_BD_i/ps7_0_axi_periph/s00_couplers/auto_pc/inst/gen_axilite.gen_b2s_conv.axilite_b2s/WR.aw_channel_0/aw_cmd_fsm_0/axlen_cnt_reg[7] |                2 |              4 |
|  SnakeGame_BD_i/processing_system7_0/inst/FCLK_CLK0 | SnakeGame_BD_i/axi_gpio_0/U0/AXI_LITE_IPIF_I/I_SLAVE_ATTACHMENT/start2                                                                                             | SnakeGame_BD_i/axi_gpio_0/U0/AXI_LITE_IPIF_I/I_SLAVE_ATTACHMENT/I_DECODER/cs_ce_clr                                                          |                1 |              4 |
|  SnakeGame_BD_i/processing_system7_0/inst/FCLK_CLK0 |                                                                                                                                                                    | SnakeGame_BD_i/ps7_0_axi_periph/s00_couplers/auto_pc/inst/gen_axilite.gen_b2s_conv.axilite_b2s/SI_REG/gen_simple_ar.ar_pipe/m_valid_i_reg_0  |                1 |              4 |
|  SnakeGame_BD_i/processing_system7_0/inst/FCLK_CLK0 |                                                                                                                                                                    | SnakeGame_BD_i/ps7_0_axi_periph/s00_couplers/auto_pc/inst/gen_axilite.gen_b2s_conv.axilite_b2s/SI_REG/gen_simple_aw.aw_pipe/s_ready_i_reg_0  |                2 |              4 |
|  SnakeGame_BD_i/processing_system7_0/inst/FCLK_CLK0 | SnakeGame_BD_i/ps7_0_axi_periph/s00_couplers/auto_pc/inst/gen_axilite.gen_b2s_conv.axilite_b2s/RD.ar_channel_0/ar_cmd_fsm_0/axlen_cnt_reg[4][0]                    | SnakeGame_BD_i/ps7_0_axi_periph/s00_couplers/auto_pc/inst/gen_axilite.gen_b2s_conv.axilite_b2s/RD.ar_channel_0/ar_cmd_fsm_0/axlen_cnt_reg[7] |                2 |              4 |
|  SnakeGame_BD_i/processing_system7_0/inst/FCLK_CLK0 | SnakeGame_BD_i/axi_gpio_0/U0/AXI_LITE_IPIF_I/I_SLAVE_ATTACHMENT/bus2ip_addr_i[8]_i_1_n_0                                                                           | SnakeGame_BD_i/axi_gpio_0/U0/AXI_LITE_IPIF_I/I_SLAVE_ATTACHMENT/SR                                                                           |                1 |              4 |
|  SnakeGame_BD_i/processing_system7_0/inst/FCLK_CLK0 |                                                                                                                                                                    | SnakeGame_BD_i/axi_gpio_1/U0/AXI_LITE_IPIF_I/I_SLAVE_ATTACHMENT/I_DECODER/Not_Dual.ALLIN1_ND.READ_REG_GEN[0].reg1_reg[27]                    |                2 |              5 |
|  SnakeGame_BD_i/processing_system7_0/inst/FCLK_CLK0 | SnakeGame_BD_i/axi_gpio_1/U0/AXI_LITE_IPIF_I/I_SLAVE_ATTACHMENT/I_DECODER/Not_Dual.gpio_OE_reg[0][0]                                                               | SnakeGame_BD_i/axi_gpio_1/U0/bus2ip_reset                                                                                                    |                2 |              5 |
|  SnakeGame_BD_i/processing_system7_0/inst/FCLK_CLK0 |                                                                                                                                                                    | SnakeGame_BD_i/rst_ps7_0_100M/U0/EXT_LPF/lpf_int                                                                                             |                3 |              5 |
|  SnakeGame_BD_i/processing_system7_0/inst/FCLK_CLK0 | SnakeGame_BD_i/rst_ps7_0_100M/U0/SEQ/seq_cnt_en                                                                                                                    | SnakeGame_BD_i/rst_ps7_0_100M/U0/SEQ/SEQ_COUNTER/clear                                                                                       |                2 |              6 |
|  SnakeGame_BD_i/processing_system7_0/inst/FCLK_CLK0 | SnakeGame_BD_i/axi_gpio_1/U0/AXI_LITE_IPIF_I/I_SLAVE_ATTACHMENT/s_axi_rdata_i                                                                                      | SnakeGame_BD_i/axi_gpio_1/U0/bus2ip_reset                                                                                                    |                1 |              7 |
|  SnakeGame_BD_i/processing_system7_0/inst/FCLK_CLK0 |                                                                                                                                                                    | SnakeGame_BD_i/axi_gpio_0/U0/AXI_LITE_IPIF_I/I_SLAVE_ATTACHMENT/I_DECODER/Not_Dual.ALLOUT_ND.READ_REG_GEN[0].reg1_reg[24]                    |                1 |              8 |
|  SnakeGame_BD_i/processing_system7_0/inst/FCLK_CLK0 | SnakeGame_BD_i/axi_gpio_1/U0/AXI_LITE_IPIF_I/I_SLAVE_ATTACHMENT/start2_i_1_n_0                                                                                     | SnakeGame_BD_i/axi_gpio_1/U0/bus2ip_reset                                                                                                    |                1 |              8 |
|  SnakeGame_BD_i/processing_system7_0/inst/FCLK_CLK0 | SnakeGame_BD_i/ps7_0_axi_periph/s00_couplers/auto_pc/inst/gen_axilite.gen_b2s_conv.axilite_b2s/WR.b_channel_0/mhandshake_r                                         | SnakeGame_BD_i/ps7_0_axi_periph/s00_couplers/auto_pc/inst/gen_axilite.gen_b2s_conv.axilite_b2s/WR.b_channel_0/bid_fifo_0/SR[0]               |                3 |              8 |
|  SnakeGame_BD_i/processing_system7_0/inst/FCLK_CLK0 | SnakeGame_BD_i/axi_gpio_0/U0/AXI_LITE_IPIF_I/I_SLAVE_ATTACHMENT/s_axi_rdata_i[31]_i_1_n_0                                                                          | SnakeGame_BD_i/axi_gpio_0/U0/AXI_LITE_IPIF_I/I_SLAVE_ATTACHMENT/SR                                                                           |                2 |              9 |
|  SnakeGame_BD_i/processing_system7_0/inst/FCLK_CLK0 |                                                                                                                                                                    | SnakeGame_BD_i/ps7_0_axi_periph/xbar/inst/gen_sasd.crossbar_sasd_0/addr_arbiter_inst/SR[0]                                                   |                4 |             11 |
|  SnakeGame_BD_i/processing_system7_0/inst/FCLK_CLK0 | SnakeGame_BD_i/ps7_0_axi_periph/s00_couplers/auto_pc/inst/gen_axilite.gen_b2s_conv.axilite_b2s/RD.ar_channel_0/ar_cmd_fsm_0/axaddr_incr_reg[0][0]                  |                                                                                                                                              |                2 |             12 |
|  SnakeGame_BD_i/processing_system7_0/inst/FCLK_CLK0 | SnakeGame_BD_i/ps7_0_axi_periph/s00_couplers/auto_pc/inst/gen_axilite.gen_b2s_conv.axilite_b2s/RD.ar_channel_0/ar_cmd_fsm_0/E[0]                                   |                                                                                                                                              |                5 |             12 |
|  SnakeGame_BD_i/processing_system7_0/inst/FCLK_CLK0 | SnakeGame_BD_i/ps7_0_axi_periph/s00_couplers/auto_pc/inst/gen_axilite.gen_b2s_conv.axilite_b2s/WR.aw_channel_0/cmd_translator_0/incr_cmd_0/axaddr_incr[11]_i_1_n_0 |                                                                                                                                              |                5 |             12 |
|  SnakeGame_BD_i/processing_system7_0/inst/FCLK_CLK0 | SnakeGame_BD_i/ps7_0_axi_periph/s00_couplers/auto_pc/inst/gen_axilite.gen_b2s_conv.axilite_b2s/WR.aw_channel_0/aw_cmd_fsm_0/wrap_boundary_axaddr_r_reg[0][0]       |                                                                                                                                              |                5 |             12 |
|  SnakeGame_BD_i/processing_system7_0/inst/FCLK_CLK0 | SnakeGame_BD_i/ps7_0_axi_periph/s00_couplers/auto_pc/inst/gen_axilite.gen_b2s_conv.axilite_b2s/RD.r_channel_0/r_push_r                                             |                                                                                                                                              |                4 |             13 |
|  SnakeGame_BD_i/processing_system7_0/inst/FCLK_CLK0 | SnakeGame_BD_i/ps7_0_axi_periph/s00_couplers/auto_pc/inst/gen_axilite.gen_b2s_conv.axilite_b2s/SI_REG/gen_simple_b.b_pipe/p_1_in                                   |                                                                                                                                              |                2 |             14 |
|  SnakeGame_BD_i/processing_system7_0/inst/FCLK_CLK0 | SnakeGame_BD_i/ps7_0_axi_periph/s00_couplers/auto_pc/inst/gen_axilite.gen_b2s_conv.axilite_b2s/SI_REG/gen_simple_b.b_pipe/skid_buffer_reg[0]_0                     |                                                                                                                                              |                2 |             14 |
|  SnakeGame_BD_i/processing_system7_0/inst/FCLK_CLK0 | SnakeGame_BD_i/axi_gpio_0/U0/AXI_LITE_IPIF_I/I_SLAVE_ATTACHMENT/I_DECODER/E[0]                                                                                     | SnakeGame_BD_i/axi_gpio_0/U0/AXI_LITE_IPIF_I/I_SLAVE_ATTACHMENT/SR                                                                           |                3 |             16 |
|  SnakeGame_BD_i/processing_system7_0/inst/FCLK_CLK0 | SnakeGame_BD_i/ps7_0_axi_periph/s00_couplers/auto_pc/inst/gen_axilite.gen_b2s_conv.axilite_b2s/WR.aw_channel_0/aw_cmd_fsm_0/b_push                                 |                                                                                                                                              |                3 |             16 |
|  SnakeGame_BD_i/processing_system7_0/inst/FCLK_CLK0 |                                                                                                                                                                    | SnakeGame_BD_i/axi_gpio_0/U0/AXI_LITE_IPIF_I/I_SLAVE_ATTACHMENT/SR                                                                           |                8 |             20 |
|  SnakeGame_BD_i/processing_system7_0/inst/FCLK_CLK0 | SnakeGame_BD_i/axi_gpio_1/U0/AXI_LITE_IPIF_I/I_SLAVE_ATTACHMENT/start2                                                                                             | SnakeGame_BD_i/axi_gpio_1/U0/AXI_LITE_IPIF_I/I_SLAVE_ATTACHMENT/I_DECODER/cs_ce_clr                                                          |                4 |             20 |
|  SnakeGame_BD_i/processing_system7_0/inst/FCLK_CLK0 | SnakeGame_BD_i/ps7_0_axi_periph/s00_couplers/auto_pc/inst/gen_axilite.gen_b2s_conv.axilite_b2s/RD.ar_channel_0/ar_cmd_fsm_0/axlen_cnt_reg[4][0]                    |                                                                                                                                              |                8 |             21 |
|  SnakeGame_BD_i/processing_system7_0/inst/FCLK_CLK0 | SnakeGame_BD_i/ps7_0_axi_periph/s00_couplers/auto_pc/inst/gen_axilite.gen_b2s_conv.axilite_b2s/WR.aw_channel_0/aw_cmd_fsm_0/E[0]                                   |                                                                                                                                              |                8 |             21 |
|  SnakeGame_BD_i/processing_system7_0/inst/FCLK_CLK0 | SnakeGame_BD_i/ps7_0_axi_periph/xbar/inst/gen_sasd.crossbar_sasd_0/addr_arbiter_inst/p_0_in1_in                                                                    | SnakeGame_BD_i/ps7_0_axi_periph/xbar/inst/gen_sasd.crossbar_sasd_0/addr_arbiter_inst/SR[0]                                                   |                7 |             23 |
|  SnakeGame_BD_i/processing_system7_0/inst/FCLK_CLK0 | SnakeGame_BD_i/ps7_0_axi_periph/xbar/inst/gen_sasd.crossbar_sasd_0/reg_slice_r/aa_rready                                                                           |                                                                                                                                              |               10 |             32 |
|  SnakeGame_BD_i/processing_system7_0/inst/FCLK_CLK0 | SnakeGame_BD_i/ps7_0_axi_periph/s00_couplers/auto_pc/inst/gen_axilite.gen_b2s_conv.axilite_b2s/RD.r_channel_0/rd_data_fifo_0/wr_en0                                |                                                                                                                                              |                9 |             34 |
|  SnakeGame_BD_i/processing_system7_0/inst/FCLK_CLK0 | SnakeGame_BD_i/ps7_0_axi_periph/xbar/inst/gen_sasd.crossbar_sasd_0/addr_arbiter_inst/E[0]                                                                          |                                                                                                                                              |               11 |             35 |
|  SnakeGame_BD_i/processing_system7_0/inst/FCLK_CLK0 |                                                                                                                                                                    | SnakeGame_BD_i/axi_gpio_1/U0/bus2ip_reset                                                                                                    |               11 |             38 |
|  SnakeGame_BD_i/processing_system7_0/inst/FCLK_CLK0 | SnakeGame_BD_i/ps7_0_axi_periph/s00_couplers/auto_pc/inst/gen_axilite.gen_b2s_conv.axilite_b2s/SI_REG/gen_simple_r.r_pipe/p_1_in                                   |                                                                                                                                              |                8 |             47 |
|  SnakeGame_BD_i/processing_system7_0/inst/FCLK_CLK0 | SnakeGame_BD_i/ps7_0_axi_periph/s00_couplers/auto_pc/inst/gen_axilite.gen_b2s_conv.axilite_b2s/SI_REG/gen_simple_r.r_pipe/skid_buffer_reg[0]_0                     |                                                                                                                                              |                7 |             47 |
|  SnakeGame_BD_i/processing_system7_0/inst/FCLK_CLK0 | SnakeGame_BD_i/ps7_0_axi_periph/s00_couplers/auto_pc/inst/gen_axilite.gen_b2s_conv.axilite_b2s/SI_REG/gen_simple_aw.aw_pipe/s_axi_awready                          |                                                                                                                                              |                8 |             48 |
|  SnakeGame_BD_i/processing_system7_0/inst/FCLK_CLK0 | SnakeGame_BD_i/ps7_0_axi_periph/s00_couplers/auto_pc/inst/gen_axilite.gen_b2s_conv.axilite_b2s/SI_REG/gen_simple_ar.ar_pipe/s_axi_arready                          |                                                                                                                                              |                8 |             48 |
|  SnakeGame_BD_i/processing_system7_0/inst/FCLK_CLK0 | SnakeGame_BD_i/ps7_0_axi_periph/s00_couplers/auto_pc/inst/gen_axilite.gen_b2s_conv.axilite_b2s/RD.ar_channel_0/ar_cmd_fsm_0/m_payload_i_reg[0]_1[0]                |                                                                                                                                              |                7 |             48 |
|  SnakeGame_BD_i/processing_system7_0/inst/FCLK_CLK0 | SnakeGame_BD_i/ps7_0_axi_periph/s00_couplers/auto_pc/inst/gen_axilite.gen_b2s_conv.axilite_b2s/WR.aw_channel_0/aw_cmd_fsm_0/m_payload_i_reg[0][0]                  |                                                                                                                                              |                8 |             48 |
|  SnakeGame_BD_i/processing_system7_0/inst/FCLK_CLK0 |                                                                                                                                                                    | SnakeGame_BD_i/ps7_0_axi_periph/s00_couplers/auto_pc/inst/gen_axilite.gen_b2s_conv.axilite_b2s/areset_d1                                     |               14 |             59 |
|  SnakeGame_BD_i/processing_system7_0/inst/FCLK_CLK0 |                                                                                                                                                                    |                                                                                                                                              |               52 |            161 |
+-----------------------------------------------------+--------------------------------------------------------------------------------------------------------------------------------------------------------------------+----------------------------------------------------------------------------------------------------------------------------------------------+------------------+----------------+


+--------+-----------------------+
| Fanout | Number of ControlSets |
+--------+-----------------------+
| 2      |                     1 |
| 4      |                     8 |
| 5      |                     3 |
| 6      |                     1 |
| 7      |                     1 |
| 8      |                     3 |
| 9      |                     1 |
| 11     |                     1 |
| 12     |                     4 |
| 13     |                     1 |
| 14     |                     2 |
| 16+    |                    19 |
+--------+-----------------------+


