
*** Running vivado
    with args -log SnakeGame_BD_axi_gpio_1_0.vds -m64 -product Vivado -mode batch -messageDb vivado.pb -notrace -source SnakeGame_BD_axi_gpio_1_0.tcl


****** Vivado v2017.3 (64-bit)
  **** SW Build 2018833 on Wed Oct  4 19:58:22 MDT 2017
  **** IP Build 2016188 on Wed Oct  4 21:52:56 MDT 2017
    ** Copyright 1986-2017 Xilinx, Inc. All Rights Reserved.

source SnakeGame_BD_axi_gpio_1_0.tcl -notrace
Starting RTL Elaboration : Time (s): cpu = 00:00:17 ; elapsed = 00:00:18 . Memory (MB): peak = 358.609 ; gain = 96.160
INFO: [Synth 8-638] synthesizing module 'SnakeGame_BD_axi_gpio_1_0' [c:/SOC_Final_Project_Snake_Game/SnakeGame/SnakeGame.srcs/sources_1/bd/SnakeGame_BD/ip/SnakeGame_BD_axi_gpio_1_0/synth/SnakeGame_BD_axi_gpio_1_0.vhd:85]
INFO: [Synth 8-638] synthesizing module 'axi_gpio' [c:/SOC_Final_Project_Snake_Game/SnakeGame/SnakeGame.srcs/sources_1/bd/SnakeGame_BD/ipshared/e9c1/hdl/axi_gpio_v2_0_vh_rfs.vhd:1358]
INFO: [Synth 8-638] synthesizing module 'axi_lite_ipif' [c:/SOC_Final_Project_Snake_Game/SnakeGame/SnakeGame.srcs/sources_1/bd/SnakeGame_BD/ipshared/cced/hdl/axi_lite_ipif_v3_0_vh_rfs.vhd:2948]
INFO: [Synth 8-638] synthesizing module 'slave_attachment' [c:/SOC_Final_Project_Snake_Game/SnakeGame/SnakeGame.srcs/sources_1/bd/SnakeGame_BD/ipshared/cced/hdl/axi_lite_ipif_v3_0_vh_rfs.vhd:2341]
INFO: [Synth 8-638] synthesizing module 'address_decoder' [c:/SOC_Final_Project_Snake_Game/SnakeGame/SnakeGame.srcs/sources_1/bd/SnakeGame_BD/ipshared/cced/hdl/axi_lite_ipif_v3_0_vh_rfs.vhd:1775]
INFO: [Synth 8-638] synthesizing module 'pselect_f' [c:/SOC_Final_Project_Snake_Game/SnakeGame/SnakeGame.srcs/sources_1/bd/SnakeGame_BD/ipshared/cced/hdl/axi_lite_ipif_v3_0_vh_rfs.vhd:1534]
INFO: [Synth 8-256] done synthesizing module 'pselect_f' (1#1) [c:/SOC_Final_Project_Snake_Game/SnakeGame/SnakeGame.srcs/sources_1/bd/SnakeGame_BD/ipshared/cced/hdl/axi_lite_ipif_v3_0_vh_rfs.vhd:1534]
INFO: [Synth 8-638] synthesizing module 'pselect_f__parameterized0' [c:/SOC_Final_Project_Snake_Game/SnakeGame/SnakeGame.srcs/sources_1/bd/SnakeGame_BD/ipshared/cced/hdl/axi_lite_ipif_v3_0_vh_rfs.vhd:1534]
INFO: [Synth 8-256] done synthesizing module 'pselect_f__parameterized0' (1#1) [c:/SOC_Final_Project_Snake_Game/SnakeGame/SnakeGame.srcs/sources_1/bd/SnakeGame_BD/ipshared/cced/hdl/axi_lite_ipif_v3_0_vh_rfs.vhd:1534]
INFO: [Synth 8-638] synthesizing module 'pselect_f__parameterized1' [c:/SOC_Final_Project_Snake_Game/SnakeGame/SnakeGame.srcs/sources_1/bd/SnakeGame_BD/ipshared/cced/hdl/axi_lite_ipif_v3_0_vh_rfs.vhd:1534]
INFO: [Synth 8-256] done synthesizing module 'pselect_f__parameterized1' (1#1) [c:/SOC_Final_Project_Snake_Game/SnakeGame/SnakeGame.srcs/sources_1/bd/SnakeGame_BD/ipshared/cced/hdl/axi_lite_ipif_v3_0_vh_rfs.vhd:1534]
INFO: [Synth 8-638] synthesizing module 'pselect_f__parameterized2' [c:/SOC_Final_Project_Snake_Game/SnakeGame/SnakeGame.srcs/sources_1/bd/SnakeGame_BD/ipshared/cced/hdl/axi_lite_ipif_v3_0_vh_rfs.vhd:1534]
INFO: [Synth 8-256] done synthesizing module 'pselect_f__parameterized2' (1#1) [c:/SOC_Final_Project_Snake_Game/SnakeGame/SnakeGame.srcs/sources_1/bd/SnakeGame_BD/ipshared/cced/hdl/axi_lite_ipif_v3_0_vh_rfs.vhd:1534]
INFO: [Synth 8-638] synthesizing module 'pselect_f__parameterized3' [c:/SOC_Final_Project_Snake_Game/SnakeGame/SnakeGame.srcs/sources_1/bd/SnakeGame_BD/ipshared/cced/hdl/axi_lite_ipif_v3_0_vh_rfs.vhd:1534]
INFO: [Synth 8-256] done synthesizing module 'pselect_f__parameterized3' (1#1) [c:/SOC_Final_Project_Snake_Game/SnakeGame/SnakeGame.srcs/sources_1/bd/SnakeGame_BD/ipshared/cced/hdl/axi_lite_ipif_v3_0_vh_rfs.vhd:1534]
INFO: [Synth 8-638] synthesizing module 'pselect_f__parameterized4' [c:/SOC_Final_Project_Snake_Game/SnakeGame/SnakeGame.srcs/sources_1/bd/SnakeGame_BD/ipshared/cced/hdl/axi_lite_ipif_v3_0_vh_rfs.vhd:1534]
INFO: [Synth 8-256] done synthesizing module 'pselect_f__parameterized4' (1#1) [c:/SOC_Final_Project_Snake_Game/SnakeGame/SnakeGame.srcs/sources_1/bd/SnakeGame_BD/ipshared/cced/hdl/axi_lite_ipif_v3_0_vh_rfs.vhd:1534]
INFO: [Synth 8-638] synthesizing module 'pselect_f__parameterized5' [c:/SOC_Final_Project_Snake_Game/SnakeGame/SnakeGame.srcs/sources_1/bd/SnakeGame_BD/ipshared/cced/hdl/axi_lite_ipif_v3_0_vh_rfs.vhd:1534]
INFO: [Synth 8-256] done synthesizing module 'pselect_f__parameterized5' (1#1) [c:/SOC_Final_Project_Snake_Game/SnakeGame/SnakeGame.srcs/sources_1/bd/SnakeGame_BD/ipshared/cced/hdl/axi_lite_ipif_v3_0_vh_rfs.vhd:1534]
INFO: [Synth 8-638] synthesizing module 'pselect_f__parameterized6' [c:/SOC_Final_Project_Snake_Game/SnakeGame/SnakeGame.srcs/sources_1/bd/SnakeGame_BD/ipshared/cced/hdl/axi_lite_ipif_v3_0_vh_rfs.vhd:1534]
INFO: [Synth 8-256] done synthesizing module 'pselect_f__parameterized6' (1#1) [c:/SOC_Final_Project_Snake_Game/SnakeGame/SnakeGame.srcs/sources_1/bd/SnakeGame_BD/ipshared/cced/hdl/axi_lite_ipif_v3_0_vh_rfs.vhd:1534]
INFO: [Synth 8-638] synthesizing module 'pselect_f__parameterized7' [c:/SOC_Final_Project_Snake_Game/SnakeGame/SnakeGame.srcs/sources_1/bd/SnakeGame_BD/ipshared/cced/hdl/axi_lite_ipif_v3_0_vh_rfs.vhd:1534]
INFO: [Synth 8-256] done synthesizing module 'pselect_f__parameterized7' (1#1) [c:/SOC_Final_Project_Snake_Game/SnakeGame/SnakeGame.srcs/sources_1/bd/SnakeGame_BD/ipshared/cced/hdl/axi_lite_ipif_v3_0_vh_rfs.vhd:1534]
INFO: [Synth 8-638] synthesizing module 'pselect_f__parameterized8' [c:/SOC_Final_Project_Snake_Game/SnakeGame/SnakeGame.srcs/sources_1/bd/SnakeGame_BD/ipshared/cced/hdl/axi_lite_ipif_v3_0_vh_rfs.vhd:1534]
INFO: [Synth 8-256] done synthesizing module 'pselect_f__parameterized8' (1#1) [c:/SOC_Final_Project_Snake_Game/SnakeGame/SnakeGame.srcs/sources_1/bd/SnakeGame_BD/ipshared/cced/hdl/axi_lite_ipif_v3_0_vh_rfs.vhd:1534]
INFO: [Synth 8-638] synthesizing module 'pselect_f__parameterized9' [c:/SOC_Final_Project_Snake_Game/SnakeGame/SnakeGame.srcs/sources_1/bd/SnakeGame_BD/ipshared/cced/hdl/axi_lite_ipif_v3_0_vh_rfs.vhd:1534]
INFO: [Synth 8-256] done synthesizing module 'pselect_f__parameterized9' (1#1) [c:/SOC_Final_Project_Snake_Game/SnakeGame/SnakeGame.srcs/sources_1/bd/SnakeGame_BD/ipshared/cced/hdl/axi_lite_ipif_v3_0_vh_rfs.vhd:1534]
INFO: [Synth 8-638] synthesizing module 'pselect_f__parameterized10' [c:/SOC_Final_Project_Snake_Game/SnakeGame/SnakeGame.srcs/sources_1/bd/SnakeGame_BD/ipshared/cced/hdl/axi_lite_ipif_v3_0_vh_rfs.vhd:1534]
INFO: [Synth 8-256] done synthesizing module 'pselect_f__parameterized10' (1#1) [c:/SOC_Final_Project_Snake_Game/SnakeGame/SnakeGame.srcs/sources_1/bd/SnakeGame_BD/ipshared/cced/hdl/axi_lite_ipif_v3_0_vh_rfs.vhd:1534]
INFO: [Synth 8-638] synthesizing module 'pselect_f__parameterized11' [c:/SOC_Final_Project_Snake_Game/SnakeGame/SnakeGame.srcs/sources_1/bd/SnakeGame_BD/ipshared/cced/hdl/axi_lite_ipif_v3_0_vh_rfs.vhd:1534]
INFO: [Synth 8-256] done synthesizing module 'pselect_f__parameterized11' (1#1) [c:/SOC_Final_Project_Snake_Game/SnakeGame/SnakeGame.srcs/sources_1/bd/SnakeGame_BD/ipshared/cced/hdl/axi_lite_ipif_v3_0_vh_rfs.vhd:1534]
INFO: [Synth 8-638] synthesizing module 'pselect_f__parameterized12' [c:/SOC_Final_Project_Snake_Game/SnakeGame/SnakeGame.srcs/sources_1/bd/SnakeGame_BD/ipshared/cced/hdl/axi_lite_ipif_v3_0_vh_rfs.vhd:1534]
INFO: [Synth 8-256] done synthesizing module 'pselect_f__parameterized12' (1#1) [c:/SOC_Final_Project_Snake_Game/SnakeGame/SnakeGame.srcs/sources_1/bd/SnakeGame_BD/ipshared/cced/hdl/axi_lite_ipif_v3_0_vh_rfs.vhd:1534]
INFO: [Synth 8-638] synthesizing module 'pselect_f__parameterized13' [c:/SOC_Final_Project_Snake_Game/SnakeGame/SnakeGame.srcs/sources_1/bd/SnakeGame_BD/ipshared/cced/hdl/axi_lite_ipif_v3_0_vh_rfs.vhd:1534]
INFO: [Synth 8-256] done synthesizing module 'pselect_f__parameterized13' (1#1) [c:/SOC_Final_Project_Snake_Game/SnakeGame/SnakeGame.srcs/sources_1/bd/SnakeGame_BD/ipshared/cced/hdl/axi_lite_ipif_v3_0_vh_rfs.vhd:1534]
INFO: [Synth 8-638] synthesizing module 'pselect_f__parameterized14' [c:/SOC_Final_Project_Snake_Game/SnakeGame/SnakeGame.srcs/sources_1/bd/SnakeGame_BD/ipshared/cced/hdl/axi_lite_ipif_v3_0_vh_rfs.vhd:1534]
INFO: [Synth 8-256] done synthesizing module 'pselect_f__parameterized14' (1#1) [c:/SOC_Final_Project_Snake_Game/SnakeGame/SnakeGame.srcs/sources_1/bd/SnakeGame_BD/ipshared/cced/hdl/axi_lite_ipif_v3_0_vh_rfs.vhd:1534]
INFO: [Synth 8-638] synthesizing module 'pselect_f__parameterized15' [c:/SOC_Final_Project_Snake_Game/SnakeGame/SnakeGame.srcs/sources_1/bd/SnakeGame_BD/ipshared/cced/hdl/axi_lite_ipif_v3_0_vh_rfs.vhd:1534]
INFO: [Synth 8-256] done synthesizing module 'pselect_f__parameterized15' (1#1) [c:/SOC_Final_Project_Snake_Game/SnakeGame/SnakeGame.srcs/sources_1/bd/SnakeGame_BD/ipshared/cced/hdl/axi_lite_ipif_v3_0_vh_rfs.vhd:1534]
INFO: [Synth 8-638] synthesizing module 'pselect_f__parameterized16' [c:/SOC_Final_Project_Snake_Game/SnakeGame/SnakeGame.srcs/sources_1/bd/SnakeGame_BD/ipshared/cced/hdl/axi_lite_ipif_v3_0_vh_rfs.vhd:1534]
INFO: [Synth 8-256] done synthesizing module 'pselect_f__parameterized16' (1#1) [c:/SOC_Final_Project_Snake_Game/SnakeGame/SnakeGame.srcs/sources_1/bd/SnakeGame_BD/ipshared/cced/hdl/axi_lite_ipif_v3_0_vh_rfs.vhd:1534]
INFO: [Synth 8-638] synthesizing module 'pselect_f__parameterized17' [c:/SOC_Final_Project_Snake_Game/SnakeGame/SnakeGame.srcs/sources_1/bd/SnakeGame_BD/ipshared/cced/hdl/axi_lite_ipif_v3_0_vh_rfs.vhd:1534]
INFO: [Synth 8-256] done synthesizing module 'pselect_f__parameterized17' (1#1) [c:/SOC_Final_Project_Snake_Game/SnakeGame/SnakeGame.srcs/sources_1/bd/SnakeGame_BD/ipshared/cced/hdl/axi_lite_ipif_v3_0_vh_rfs.vhd:1534]
INFO: [Synth 8-638] synthesizing module 'pselect_f__parameterized18' [c:/SOC_Final_Project_Snake_Game/SnakeGame/SnakeGame.srcs/sources_1/bd/SnakeGame_BD/ipshared/cced/hdl/axi_lite_ipif_v3_0_vh_rfs.vhd:1534]
INFO: [Synth 8-256] done synthesizing module 'pselect_f__parameterized18' (1#1) [c:/SOC_Final_Project_Snake_Game/SnakeGame/SnakeGame.srcs/sources_1/bd/SnakeGame_BD/ipshared/cced/hdl/axi_lite_ipif_v3_0_vh_rfs.vhd:1534]
INFO: [Synth 8-638] synthesizing module 'pselect_f__parameterized19' [c:/SOC_Final_Project_Snake_Game/SnakeGame/SnakeGame.srcs/sources_1/bd/SnakeGame_BD/ipshared/cced/hdl/axi_lite_ipif_v3_0_vh_rfs.vhd:1534]
INFO: [Synth 8-256] done synthesizing module 'pselect_f__parameterized19' (1#1) [c:/SOC_Final_Project_Snake_Game/SnakeGame/SnakeGame.srcs/sources_1/bd/SnakeGame_BD/ipshared/cced/hdl/axi_lite_ipif_v3_0_vh_rfs.vhd:1534]
INFO: [Synth 8-638] synthesizing module 'pselect_f__parameterized20' [c:/SOC_Final_Project_Snake_Game/SnakeGame/SnakeGame.srcs/sources_1/bd/SnakeGame_BD/ipshared/cced/hdl/axi_lite_ipif_v3_0_vh_rfs.vhd:1534]
INFO: [Synth 8-256] done synthesizing module 'pselect_f__parameterized20' (1#1) [c:/SOC_Final_Project_Snake_Game/SnakeGame/SnakeGame.srcs/sources_1/bd/SnakeGame_BD/ipshared/cced/hdl/axi_lite_ipif_v3_0_vh_rfs.vhd:1534]
INFO: [Synth 8-256] done synthesizing module 'address_decoder' (2#1) [c:/SOC_Final_Project_Snake_Game/SnakeGame/SnakeGame.srcs/sources_1/bd/SnakeGame_BD/ipshared/cced/hdl/axi_lite_ipif_v3_0_vh_rfs.vhd:1775]
INFO: [Synth 8-256] done synthesizing module 'slave_attachment' (3#1) [c:/SOC_Final_Project_Snake_Game/SnakeGame/SnakeGame.srcs/sources_1/bd/SnakeGame_BD/ipshared/cced/hdl/axi_lite_ipif_v3_0_vh_rfs.vhd:2341]
INFO: [Synth 8-256] done synthesizing module 'axi_lite_ipif' (4#1) [c:/SOC_Final_Project_Snake_Game/SnakeGame/SnakeGame.srcs/sources_1/bd/SnakeGame_BD/ipshared/cced/hdl/axi_lite_ipif_v3_0_vh_rfs.vhd:2948]
INFO: [Synth 8-638] synthesizing module 'interrupt_control' [c:/SOC_Final_Project_Snake_Game/SnakeGame/SnakeGame.srcs/sources_1/bd/SnakeGame_BD/ipshared/8e66/hdl/interrupt_control_v3_1_vh_rfs.vhd:259]
INFO: [Synth 8-256] done synthesizing module 'interrupt_control' (5#1) [c:/SOC_Final_Project_Snake_Game/SnakeGame/SnakeGame.srcs/sources_1/bd/SnakeGame_BD/ipshared/8e66/hdl/interrupt_control_v3_1_vh_rfs.vhd:259]
INFO: [Synth 8-638] synthesizing module 'GPIO_Core' [c:/SOC_Final_Project_Snake_Game/SnakeGame/SnakeGame.srcs/sources_1/bd/SnakeGame_BD/ipshared/e9c1/hdl/axi_gpio_v2_0_vh_rfs.vhd:178]
INFO: [Synth 8-638] synthesizing module 'cdc_sync' [c:/SOC_Final_Project_Snake_Game/SnakeGame/SnakeGame.srcs/sources_1/bd/SnakeGame_BD/ipshared/ef1e/hdl/lib_cdc_v1_0_rfs.vhd:106]
INFO: [Synth 8-256] done synthesizing module 'cdc_sync' (6#1) [c:/SOC_Final_Project_Snake_Game/SnakeGame/SnakeGame.srcs/sources_1/bd/SnakeGame_BD/ipshared/ef1e/hdl/lib_cdc_v1_0_rfs.vhd:106]
INFO: [Synth 8-256] done synthesizing module 'GPIO_Core' (7#1) [c:/SOC_Final_Project_Snake_Game/SnakeGame/SnakeGame.srcs/sources_1/bd/SnakeGame_BD/ipshared/e9c1/hdl/axi_gpio_v2_0_vh_rfs.vhd:178]
INFO: [Synth 8-256] done synthesizing module 'axi_gpio' (8#1) [c:/SOC_Final_Project_Snake_Game/SnakeGame/SnakeGame.srcs/sources_1/bd/SnakeGame_BD/ipshared/e9c1/hdl/axi_gpio_v2_0_vh_rfs.vhd:1358]
INFO: [Synth 8-256] done synthesizing module 'SnakeGame_BD_axi_gpio_1_0' (9#1) [c:/SOC_Final_Project_Snake_Game/SnakeGame/SnakeGame.srcs/sources_1/bd/SnakeGame_BD/ip/SnakeGame_BD_axi_gpio_1_0/synth/SnakeGame_BD_axi_gpio_1_0.vhd:85]
Finished RTL Elaboration : Time (s): cpu = 00:00:20 ; elapsed = 00:00:22 . Memory (MB): peak = 402.695 ; gain = 140.246
Finished RTL Optimization Phase 1 : Time (s): cpu = 00:00:20 ; elapsed = 00:00:22 . Memory (MB): peak = 402.695 ; gain = 140.246
INFO: [Device 21-403] Loading part xc7z020clg484-1
Constraint Validation Runtime : Time (s): cpu = 00:00:00 ; elapsed = 00:00:00.048 . Memory (MB): peak = 737.227 ; gain = 0.000
Finished Constraint Validation : Time (s): cpu = 00:00:50 ; elapsed = 00:00:58 . Memory (MB): peak = 737.227 ; gain = 474.777
Finished Loading Part and Timing Information : Time (s): cpu = 00:00:50 ; elapsed = 00:00:58 . Memory (MB): peak = 737.227 ; gain = 474.777
Finished applying 'set_property' XDC Constraints : Time (s): cpu = 00:00:50 ; elapsed = 00:00:58 . Memory (MB): peak = 737.227 ; gain = 474.777
Finished RTL Optimization Phase 2 : Time (s): cpu = 00:00:51 ; elapsed = 00:00:59 . Memory (MB): peak = 737.227 ; gain = 474.777
Finished Cross Boundary and Area Optimization : Time (s): cpu = 00:00:53 ; elapsed = 00:01:01 . Memory (MB): peak = 737.227 ; gain = 474.777
Finished Applying XDC Timing Constraints : Time (s): cpu = 00:01:11 ; elapsed = 00:01:19 . Memory (MB): peak = 737.227 ; gain = 474.777
Finished Timing Optimization : Time (s): cpu = 00:01:11 ; elapsed = 00:01:19 . Memory (MB): peak = 737.227 ; gain = 474.777
Finished Technology Mapping : Time (s): cpu = 00:01:12 ; elapsed = 00:01:20 . Memory (MB): peak = 737.227 ; gain = 474.777
Finished IO Insertion : Time (s): cpu = 00:01:14 ; elapsed = 00:01:22 . Memory (MB): peak = 737.227 ; gain = 474.777
Finished Renaming Generated Instances : Time (s): cpu = 00:01:14 ; elapsed = 00:01:22 . Memory (MB): peak = 737.227 ; gain = 474.777
Finished Rebuilding User Hierarchy : Time (s): cpu = 00:01:14 ; elapsed = 00:01:22 . Memory (MB): peak = 737.227 ; gain = 474.777
Finished Renaming Generated Ports : Time (s): cpu = 00:01:14 ; elapsed = 00:01:22 . Memory (MB): peak = 737.227 ; gain = 474.777
Finished Handling Custom Attributes : Time (s): cpu = 00:01:14 ; elapsed = 00:01:22 . Memory (MB): peak = 737.227 ; gain = 474.777
Finished Renaming Generated Nets : Time (s): cpu = 00:01:14 ; elapsed = 00:01:22 . Memory (MB): peak = 737.227 ; gain = 474.777

Report Cell Usage: 
+------+-----+------+
|      |Cell |Count |
+------+-----+------+
|1     |LUT1 |     2|
|2     |LUT2 |     9|
|3     |LUT3 |    16|
|4     |LUT4 |    21|
|5     |LUT5 |    35|
|6     |LUT6 |    14|
|7     |FDR  |    20|
|8     |FDRE |    93|
|9     |FDSE |     7|
+------+-----+------+
Finished Writing Synthesis Report : Time (s): cpu = 00:01:14 ; elapsed = 00:01:22 . Memory (MB): peak = 737.227 ; gain = 474.777
synth_design: Time (s): cpu = 00:01:17 ; elapsed = 00:01:25 . Memory (MB): peak = 737.227 ; gain = 485.801
